<?xml version="1.0" encoding="UTF-8"?>
<!-- Generated by org.testng.reporters.JUnitXMLReporter -->
<testsuite hostname="LAPTOP-H38VGSI7" ignored="9" name="Default test" tests="1" failures="0" timestamp="2020-08-07T01:15:38 PDT" time="82.729" errors="0">
  <testcase name="travelInspirationlinks" time="74.145" classname="tests.MainPageTests"/>
  <testcase name="successfulMoveToFlightsPage" time="0.0" classname="tests.MainPageTests">
    <ignored/>
  </testcase> <!-- successfulMoveToFlightsPage -->
  <testcase name="successfulMoveToCarRenetalPage" time="0.0" classname="tests.MainPageTests">
    <ignored/>
  </testcase> <!-- successfulMoveToCarRenetalPage -->
  <testcase name="reserveAFlightButtonCheck" time="0.0" classname="tests.MainPageTests">
    <ignored/>
  </testcase> <!-- reserveAFlightButtonCheck -->
  <testcase name="successfulMoveToThingsToDoPage" time="0.0" classname="tests.MainPageTests">
    <ignored/>
  </testcase> <!-- successfulMoveToThingsToDoPage -->
  <testcase name="carRentPaymentPageVerification" time="0.0" classname="tests.MainPageTests">
    <ignored/>
  </testcase> <!-- carRentPaymentPageVerification -->
  <testcase name="checkCarRentalPricesOrder1" time="0.0" classname="tests.MainPageTests">
    <ignored/>
  </testcase> <!-- checkCarRentalPricesOrder1 -->
  <testcase name="fcarRentPaymentPageWithdataProvider" time="0.0" classname="tests.MainPageTests">
    <ignored/>
  </testcase> <!-- fcarRentPaymentPageWithdataProvider -->
  <testcase name="negativeLogin2" time="0.0" classname="tests.MainPageTests">
    <ignored/>
  </testcase> <!-- negativeLogin2 -->
  <testcase name="bookAFlightTest1" time="0.0" classname="tests.MainPageTests">
    <ignored/>
  </testcase> <!-- bookAFlightTest1 -->
</testsuite> <!-- Default test -->
