<?xml version="1.0" encoding="UTF-8"?>
<!-- Generated by org.testng.reporters.JUnitXMLReporter -->
<testsuite hostname="JULIA-LAPTOP" ignored="0" name="Test" tests="5" failures="0" timestamp="2020-08-01T16:54:57 EDT" time="179.643" errors="0">
  <testcase name="successfulMoveToCarRenetalPage" time="19.188" classname="tests.MainPageTests"/>
  <testcase name="successfulMoveToFlightsPage" time="34.033" classname="tests.MainPageTests"/>
  <testcase name="checkCarRentalPricesOrder1" time="25.953" classname="tests.MainPageTests"/>
  <testcase name="bookAFlightTest1" time="45.765" classname="tests.MainPageTests"/>
  <testcase name="negativeLogin2" time="8.314" classname="tests.MainPageTests"/>
</testsuite> <!-- Test -->
