<?xml version="1.0" encoding="UTF-8"?>
<testng-results skipped="0" failed="0" ignored="0" total="5" passed="5">
  <reporter-output>
  </reporter-output>
  <suite name="Suite" duration-ms="179643" started-at="2020-08-01T16:51:57 EDT" finished-at="2020-08-01T16:54:57 EDT">
    <groups>
    </groups>
    <test name="Test" duration-ms="179643" started-at="2020-08-01T16:51:57 EDT" finished-at="2020-08-01T16:54:57 EDT">
      <class name="tests.MainPageTests">
        <test-method status="PASS" signature="setUpMethod(java.lang.String)[pri:0, instance:tests.MainPageTests@727803de]" name="setUpMethod" is-config="true" duration-ms="10266" started-at="2020-08-01T16:51:57 EDT" finished-at="2020-08-01T16:52:07 EDT">
          <params>
            <param index="0">
              <value is-null="true"/>
            </param>
          </params>
          <reporter-output>
          </reporter-output>
        </test-method> <!-- setUpMethod -->
        <test-method status="PASS" signature="successfulMoveToCarRenetalPage()[pri:1, instance:tests.MainPageTests@727803de]" name="successfulMoveToCarRenetalPage" duration-ms="19188" started-at="2020-08-01T16:52:07 EDT" finished-at="2020-08-01T16:52:26 EDT">
          <reporter-output>
          </reporter-output>
        </test-method> <!-- successfulMoveToCarRenetalPage -->
        <test-method status="PASS" signature="tearDownMethod(org.testng.ITestResult)[pri:0, instance:tests.MainPageTests@727803de]" name="tearDownMethod" is-config="true" duration-ms="796" started-at="2020-08-01T16:52:26 EDT" finished-at="2020-08-01T16:52:27 EDT">
          <params>
            <param index="0">
              <value>
                <![CDATA[[TestResult name=successfulMoveToCarRenetalPage status=SUCCESS method=MainPageTests.successfulMoveToCarRenetalPage()[pri:1, instance:tests.MainPageTests@727803de] output={null}]]]>
              </value>
            </param>
          </params>
          <reporter-output>
          </reporter-output>
        </test-method> <!-- tearDownMethod -->
        <test-method status="PASS" signature="setUpMethod(java.lang.String)[pri:0, instance:tests.MainPageTests@727803de]" name="setUpMethod" is-config="true" duration-ms="8049" started-at="2020-08-01T16:52:27 EDT" finished-at="2020-08-01T16:52:35 EDT">
          <params>
            <param index="0">
              <value is-null="true"/>
            </param>
          </params>
          <reporter-output>
          </reporter-output>
        </test-method> <!-- setUpMethod -->
        <test-method status="PASS" signature="successfulMoveToFlightsPage()[pri:2, instance:tests.MainPageTests@727803de]" name="successfulMoveToFlightsPage" duration-ms="34033" started-at="2020-08-01T16:52:35 EDT" finished-at="2020-08-01T16:53:09 EDT">
          <reporter-output>
          </reporter-output>
        </test-method> <!-- successfulMoveToFlightsPage -->
        <test-method status="PASS" signature="tearDownMethod(org.testng.ITestResult)[pri:0, instance:tests.MainPageTests@727803de]" name="tearDownMethod" is-config="true" duration-ms="838" started-at="2020-08-01T16:53:09 EDT" finished-at="2020-08-01T16:53:10 EDT">
          <params>
            <param index="0">
              <value>
                <![CDATA[[TestResult name=successfulMoveToFlightsPage status=SUCCESS method=MainPageTests.successfulMoveToFlightsPage()[pri:2, instance:tests.MainPageTests@727803de] output={null}]]]>
              </value>
            </param>
          </params>
          <reporter-output>
          </reporter-output>
        </test-method> <!-- tearDownMethod -->
        <test-method status="PASS" signature="setUpMethod(java.lang.String)[pri:0, instance:tests.MainPageTests@727803de]" name="setUpMethod" is-config="true" duration-ms="7841" started-at="2020-08-01T16:53:10 EDT" finished-at="2020-08-01T16:53:18 EDT">
          <params>
            <param index="0">
              <value is-null="true"/>
            </param>
          </params>
          <reporter-output>
          </reporter-output>
        </test-method> <!-- setUpMethod -->
        <test-method status="PASS" signature="checkCarRentalPricesOrder1()[pri:3, instance:tests.MainPageTests@727803de]" name="checkCarRentalPricesOrder1" duration-ms="25953" started-at="2020-08-01T16:53:18 EDT" finished-at="2020-08-01T16:53:44 EDT">
          <reporter-output>
          </reporter-output>
        </test-method> <!-- checkCarRentalPricesOrder1 -->
        <test-method status="PASS" signature="tearDownMethod(org.testng.ITestResult)[pri:0, instance:tests.MainPageTests@727803de]" name="tearDownMethod" is-config="true" duration-ms="789" started-at="2020-08-01T16:53:44 EDT" finished-at="2020-08-01T16:53:45 EDT">
          <params>
            <param index="0">
              <value>
                <![CDATA[[TestResult name=checkCarRentalPricesOrder1 status=SUCCESS method=MainPageTests.checkCarRentalPricesOrder1()[pri:3, instance:tests.MainPageTests@727803de] output={null}]]]>
              </value>
            </param>
          </params>
          <reporter-output>
          </reporter-output>
        </test-method> <!-- tearDownMethod -->
        <test-method status="PASS" signature="setUpMethod(java.lang.String)[pri:0, instance:tests.MainPageTests@727803de]" name="setUpMethod" is-config="true" duration-ms="7921" started-at="2020-08-01T16:53:45 EDT" finished-at="2020-08-01T16:53:53 EDT">
          <params>
            <param index="0">
              <value is-null="true"/>
            </param>
          </params>
          <reporter-output>
          </reporter-output>
        </test-method> <!-- setUpMethod -->
        <test-method status="PASS" signature="bookAFlightTest1()[pri:4, instance:tests.MainPageTests@727803de]" name="bookAFlightTest1" duration-ms="45765" started-at="2020-08-01T16:53:53 EDT" finished-at="2020-08-01T16:54:38 EDT">
          <reporter-output>
          </reporter-output>
        </test-method> <!-- bookAFlightTest1 -->
        <test-method status="PASS" signature="tearDownMethod(org.testng.ITestResult)[pri:0, instance:tests.MainPageTests@727803de]" name="tearDownMethod" is-config="true" duration-ms="1094" started-at="2020-08-01T16:54:38 EDT" finished-at="2020-08-01T16:54:39 EDT">
          <params>
            <param index="0">
              <value>
                <![CDATA[[TestResult name=bookAFlightTest1 status=SUCCESS method=MainPageTests.bookAFlightTest1()[pri:4, instance:tests.MainPageTests@727803de] output={null}]]]>
              </value>
            </param>
          </params>
          <reporter-output>
          </reporter-output>
        </test-method> <!-- tearDownMethod -->
        <test-method status="PASS" signature="setUpMethod(java.lang.String)[pri:0, instance:tests.MainPageTests@727803de]" name="setUpMethod" is-config="true" duration-ms="7947" started-at="2020-08-01T16:54:39 EDT" finished-at="2020-08-01T16:54:47 EDT">
          <params>
            <param index="0">
              <value is-null="true"/>
            </param>
          </params>
          <reporter-output>
          </reporter-output>
        </test-method> <!-- setUpMethod -->
        <test-method status="PASS" signature="negativeLogin2()[pri:5, instance:tests.MainPageTests@727803de]" name="negativeLogin2" duration-ms="8314" started-at="2020-08-01T16:54:47 EDT" finished-at="2020-08-01T16:54:56 EDT">
          <reporter-output>
          </reporter-output>
        </test-method> <!-- negativeLogin2 -->
        <test-method status="PASS" signature="tearDownMethod(org.testng.ITestResult)[pri:0, instance:tests.MainPageTests@727803de]" name="tearDownMethod" is-config="true" duration-ms="779" started-at="2020-08-01T16:54:56 EDT" finished-at="2020-08-01T16:54:57 EDT">
          <params>
            <param index="0">
              <value>
                <![CDATA[[TestResult name=negativeLogin2 status=SUCCESS method=MainPageTests.negativeLogin2()[pri:5, instance:tests.MainPageTests@727803de] output={null}]]]>
              </value>
            </param>
          </params>
          <reporter-output>
          </reporter-output>
        </test-method> <!-- tearDownMethod -->
      </class> <!-- tests.MainPageTests -->
    </test> <!-- Test -->
  </suite> <!-- Suite -->
</testng-results>
