<?xml version="1.0" encoding="UTF-8"?>
<testng-results skipped="0" failed="1" ignored="0" total="8" passed="7">
  <reporter-output>
  </reporter-output>
  <suite name="Suite" duration-ms="329615" started-at="2020-08-05T19:23:07 PDT" finished-at="2020-08-05T19:28:36 PDT">
    <groups>
    </groups>
    <test name="Test" duration-ms="329615" started-at="2020-08-05T19:23:07 PDT" finished-at="2020-08-05T19:28:36 PDT">
      <class name="tests.MainPageTests">
        <test-method status="PASS" signature="setUpMethod(java.lang.String)[pri:0, instance:tests.MainPageTests@2f0a87b3]" name="setUpMethod" is-config="true" duration-ms="7362" started-at="2020-08-05T19:23:07 PDT" finished-at="2020-08-05T19:23:14 PDT">
          <params>
            <param index="0">
              <value is-null="true"/>
            </param>
          </params>
          <reporter-output>
          </reporter-output>
        </test-method> <!-- setUpMethod -->
        <test-method status="PASS" signature="successfulMoveToCarRenetalPage()[pri:1, instance:tests.MainPageTests@2f0a87b3]" name="successfulMoveToCarRenetalPage" duration-ms="10966" started-at="2020-08-05T19:23:14 PDT" finished-at="2020-08-05T19:23:25 PDT">
          <reporter-output>
          </reporter-output>
        </test-method> <!-- successfulMoveToCarRenetalPage -->
        <test-method status="PASS" signature="tearDownMethod(org.testng.ITestResult)[pri:0, instance:tests.MainPageTests@2f0a87b3]" name="tearDownMethod" is-config="true" duration-ms="703" started-at="2020-08-05T19:23:25 PDT" finished-at="2020-08-05T19:23:26 PDT">
          <params>
            <param index="0">
              <value>
                <![CDATA[[TestResult name=successfulMoveToCarRenetalPage status=SUCCESS method=MainPageTests.successfulMoveToCarRenetalPage()[pri:1, instance:tests.MainPageTests@2f0a87b3] output={null}]]]>
              </value>
            </param>
          </params>
          <reporter-output>
          </reporter-output>
        </test-method> <!-- tearDownMethod -->
        <test-method status="PASS" signature="setUpMethod(java.lang.String)[pri:0, instance:tests.MainPageTests@2f0a87b3]" name="setUpMethod" is-config="true" duration-ms="6665" started-at="2020-08-05T19:23:26 PDT" finished-at="2020-08-05T19:23:32 PDT">
          <params>
            <param index="0">
              <value is-null="true"/>
            </param>
          </params>
          <reporter-output>
          </reporter-output>
        </test-method> <!-- setUpMethod -->
        <test-method status="PASS" signature="successfulMoveToFlightsPage()[pri:2, instance:tests.MainPageTests@2f0a87b3]" name="successfulMoveToFlightsPage" duration-ms="25216" started-at="2020-08-05T19:23:32 PDT" finished-at="2020-08-05T19:23:58 PDT">
          <reporter-output>
          </reporter-output>
        </test-method> <!-- successfulMoveToFlightsPage -->
        <test-method status="PASS" signature="tearDownMethod(org.testng.ITestResult)[pri:0, instance:tests.MainPageTests@2f0a87b3]" name="tearDownMethod" is-config="true" duration-ms="697" started-at="2020-08-05T19:23:58 PDT" finished-at="2020-08-05T19:23:58 PDT">
          <params>
            <param index="0">
              <value>
                <![CDATA[[TestResult name=successfulMoveToFlightsPage status=SUCCESS method=MainPageTests.successfulMoveToFlightsPage()[pri:2, instance:tests.MainPageTests@2f0a87b3] output={null}]]]>
              </value>
            </param>
          </params>
          <reporter-output>
          </reporter-output>
        </test-method> <!-- tearDownMethod -->
        <test-method status="PASS" signature="setUpMethod(java.lang.String)[pri:0, instance:tests.MainPageTests@2f0a87b3]" name="setUpMethod" is-config="true" duration-ms="6477" started-at="2020-08-05T19:23:58 PDT" finished-at="2020-08-05T19:24:05 PDT">
          <params>
            <param index="0">
              <value is-null="true"/>
            </param>
          </params>
          <reporter-output>
          </reporter-output>
        </test-method> <!-- setUpMethod -->
        <test-method status="PASS" signature="checkCarRentalPricesOrder1()[pri:3, instance:tests.MainPageTests@2f0a87b3]" name="checkCarRentalPricesOrder1" duration-ms="17784" started-at="2020-08-05T19:24:05 PDT" finished-at="2020-08-05T19:24:23 PDT">
          <reporter-output>
          </reporter-output>
        </test-method> <!-- checkCarRentalPricesOrder1 -->
        <test-method status="PASS" signature="tearDownMethod(org.testng.ITestResult)[pri:0, instance:tests.MainPageTests@2f0a87b3]" name="tearDownMethod" is-config="true" duration-ms="690" started-at="2020-08-05T19:24:23 PDT" finished-at="2020-08-05T19:24:23 PDT">
          <params>
            <param index="0">
              <value>
                <![CDATA[[TestResult name=checkCarRentalPricesOrder1 status=SUCCESS method=MainPageTests.checkCarRentalPricesOrder1()[pri:3, instance:tests.MainPageTests@2f0a87b3] output={null}]]]>
              </value>
            </param>
          </params>
          <reporter-output>
          </reporter-output>
        </test-method> <!-- tearDownMethod -->
        <test-method status="PASS" signature="setUpMethod(java.lang.String)[pri:0, instance:tests.MainPageTests@2f0a87b3]" name="setUpMethod" is-config="true" duration-ms="6499" started-at="2020-08-05T19:24:23 PDT" finished-at="2020-08-05T19:24:30 PDT">
          <params>
            <param index="0">
              <value is-null="true"/>
            </param>
          </params>
          <reporter-output>
          </reporter-output>
        </test-method> <!-- setUpMethod -->
        <test-method status="PASS" signature="bookAFlightTest1()[pri:4, instance:tests.MainPageTests@2f0a87b3]" name="bookAFlightTest1" duration-ms="32628" started-at="2020-08-05T19:24:30 PDT" finished-at="2020-08-05T19:25:02 PDT">
          <reporter-output>
          </reporter-output>
        </test-method> <!-- bookAFlightTest1 -->
        <test-method status="PASS" signature="tearDownMethod(org.testng.ITestResult)[pri:0, instance:tests.MainPageTests@2f0a87b3]" name="tearDownMethod" is-config="true" duration-ms="714" started-at="2020-08-05T19:25:02 PDT" finished-at="2020-08-05T19:25:03 PDT">
          <params>
            <param index="0">
              <value>
                <![CDATA[[TestResult name=bookAFlightTest1 status=SUCCESS method=MainPageTests.bookAFlightTest1()[pri:4, instance:tests.MainPageTests@2f0a87b3] output={null}]]]>
              </value>
            </param>
          </params>
          <reporter-output>
          </reporter-output>
        </test-method> <!-- tearDownMethod -->
        <test-method status="PASS" signature="setUpMethod(java.lang.String)[pri:0, instance:tests.MainPageTests@2f0a87b3]" name="setUpMethod" is-config="true" duration-ms="6709" started-at="2020-08-05T19:25:03 PDT" finished-at="2020-08-05T19:25:10 PDT">
          <params>
            <param index="0">
              <value is-null="true"/>
            </param>
          </params>
          <reporter-output>
          </reporter-output>
        </test-method> <!-- setUpMethod -->
        <test-method status="PASS" signature="negativeLogin2()[pri:5, instance:tests.MainPageTests@2f0a87b3]" name="negativeLogin2" duration-ms="3430" started-at="2020-08-05T19:25:10 PDT" finished-at="2020-08-05T19:25:13 PDT">
          <reporter-output>
          </reporter-output>
        </test-method> <!-- negativeLogin2 -->
        <test-method status="PASS" signature="tearDownMethod(org.testng.ITestResult)[pri:0, instance:tests.MainPageTests@2f0a87b3]" name="tearDownMethod" is-config="true" duration-ms="671" started-at="2020-08-05T19:25:13 PDT" finished-at="2020-08-05T19:25:14 PDT">
          <params>
            <param index="0">
              <value>
                <![CDATA[[TestResult name=negativeLogin2 status=SUCCESS method=MainPageTests.negativeLogin2()[pri:5, instance:tests.MainPageTests@2f0a87b3] output={null}]]]>
              </value>
            </param>
          </params>
          <reporter-output>
          </reporter-output>
        </test-method> <!-- tearDownMethod -->
        <test-method status="PASS" signature="setUpMethod(java.lang.String)[pri:0, instance:tests.MainPageTests@2f0a87b3]" name="setUpMethod" is-config="true" duration-ms="6561" started-at="2020-08-05T19:25:14 PDT" finished-at="2020-08-05T19:25:20 PDT">
          <params>
            <param index="0">
              <value is-null="true"/>
            </param>
          </params>
          <reporter-output>
          </reporter-output>
        </test-method> <!-- setUpMethod -->
        <test-method status="PASS" signature="travelInspirationlinks()[pri:6, instance:tests.MainPageTests@2f0a87b3]" name="travelInspirationlinks" duration-ms="72848" started-at="2020-08-05T19:25:20 PDT" finished-at="2020-08-05T19:26:33 PDT">
          <reporter-output>
          </reporter-output>
        </test-method> <!-- travelInspirationlinks -->
        <test-method status="PASS" signature="tearDownMethod(org.testng.ITestResult)[pri:0, instance:tests.MainPageTests@2f0a87b3]" name="tearDownMethod" is-config="true" duration-ms="795" started-at="2020-08-05T19:26:33 PDT" finished-at="2020-08-05T19:26:34 PDT">
          <params>
            <param index="0">
              <value>
                <![CDATA[[TestResult name=travelInspirationlinks status=SUCCESS method=MainPageTests.travelInspirationlinks()[pri:6, instance:tests.MainPageTests@2f0a87b3] output={null}]]]>
              </value>
            </param>
          </params>
          <reporter-output>
          </reporter-output>
        </test-method> <!-- tearDownMethod -->
        <test-method status="PASS" signature="setUpMethod(java.lang.String)[pri:0, instance:tests.MainPageTests@2f0a87b3]" name="setUpMethod" is-config="true" duration-ms="6879" started-at="2020-08-05T19:26:34 PDT" finished-at="2020-08-05T19:26:41 PDT">
          <params>
            <param index="0">
              <value is-null="true"/>
            </param>
          </params>
          <reporter-output>
          </reporter-output>
        </test-method> <!-- setUpMethod -->
        <test-method status="PASS" signature="reserveAFlightButtonCheck()[pri:8, instance:tests.MainPageTests@2f0a87b3]" name="reserveAFlightButtonCheck" duration-ms="53322" started-at="2020-08-05T19:26:41 PDT" finished-at="2020-08-05T19:27:34 PDT">
          <reporter-output>
          </reporter-output>
        </test-method> <!-- reserveAFlightButtonCheck -->
        <test-method status="PASS" signature="tearDownMethod(org.testng.ITestResult)[pri:0, instance:tests.MainPageTests@2f0a87b3]" name="tearDownMethod" is-config="true" duration-ms="788" started-at="2020-08-05T19:27:34 PDT" finished-at="2020-08-05T19:27:35 PDT">
          <params>
            <param index="0">
              <value>
                <![CDATA[[TestResult name=reserveAFlightButtonCheck status=SUCCESS method=MainPageTests.reserveAFlightButtonCheck()[pri:8, instance:tests.MainPageTests@2f0a87b3] output={null}]]]>
              </value>
            </param>
          </params>
          <reporter-output>
          </reporter-output>
        </test-method> <!-- tearDownMethod -->
        <test-method status="PASS" signature="setUpMethod(java.lang.String)[pri:0, instance:tests.MainPageTests@2f0a87b3]" name="setUpMethod" is-config="true" duration-ms="6816" started-at="2020-08-05T19:27:35 PDT" finished-at="2020-08-05T19:27:42 PDT">
          <params>
            <param index="0">
              <value is-null="true"/>
            </param>
          </params>
          <reporter-output>
          </reporter-output>
        </test-method> <!-- setUpMethod -->
        <test-method status="FAIL" signature="flightPaymentTest()[pri:9, instance:tests.MainPageTests@2f0a87b3]" name="flightPaymentTest" duration-ms="53556" started-at="2020-08-05T19:27:42 PDT" finished-at="2020-08-05T19:28:35 PDT">
          <exception class="org.openqa.selenium.NoSuchElementException">
            <message>
              <![CDATA[no such element: Unable to locate element: {"method":"xpath","selector":"//button[@id='bookButton']"}
  (Session info: chrome=84.0.4147.105)
For documentation on this error, please visit: https://www.seleniumhq.org/exceptions/no_such_element.html
Build info: version: '3.141.59', revision: 'e82be7d358', time: '2018-11-14T08:17:03'
System info: host: 'LAPTOP-H38VGSI7', ip: '192.168.1.254', os.name: 'Windows 10', os.arch: 'amd64', os.version: '10.0', java.version: '1.8.0_261'
Driver info: org.openqa.selenium.chrome.ChromeDriver
Capabilities {acceptInsecureCerts: false, browserName: chrome, browserVersion: 84.0.4147.105, chrome: {chromedriverVersion: 84.0.4147.30 (48b3e868b4cc0..., userDataDir: C:\Users\ardil\AppData\Loca...}, goog:chromeOptions: {debuggerAddress: localhost:58769}, javascriptEnabled: true, networkConnectionEnabled: false, pageLoadStrategy: normal, platform: WINDOWS, platformName: WINDOWS, proxy: Proxy(), setWindowRect: true, strictFileInteractability: false, timeouts: {implicit: 0, pageLoad: 300000, script: 30000}, unhandledPromptBehavior: dismiss and notify, webauthn:virtualAuthenticators: true}
Session ID: 0d1083501e9751600fb8fcec8116cd4a
*** Element info: {Using=xpath, value=//button[@id='bookButton']}]]>
            </message>
            <full-stacktrace>
              <![CDATA[org.openqa.selenium.NoSuchElementException: no such element: Unable to locate element: {"method":"xpath","selector":"//button[@id='bookButton']"}
  (Session info: chrome=84.0.4147.105)
For documentation on this error, please visit: https://www.seleniumhq.org/exceptions/no_such_element.html
Build info: version: '3.141.59', revision: 'e82be7d358', time: '2018-11-14T08:17:03'
System info: host: 'LAPTOP-H38VGSI7', ip: '192.168.1.254', os.name: 'Windows 10', os.arch: 'amd64', os.version: '10.0', java.version: '1.8.0_261'
Driver info: org.openqa.selenium.chrome.ChromeDriver
Capabilities {acceptInsecureCerts: false, browserName: chrome, browserVersion: 84.0.4147.105, chrome: {chromedriverVersion: 84.0.4147.30 (48b3e868b4cc0..., userDataDir: C:\Users\ardil\AppData\Loca...}, goog:chromeOptions: {debuggerAddress: localhost:58769}, javascriptEnabled: true, networkConnectionEnabled: false, pageLoadStrategy: normal, platform: WINDOWS, platformName: WINDOWS, proxy: Proxy(), setWindowRect: true, strictFileInteractability: false, timeouts: {implicit: 0, pageLoad: 300000, script: 30000}, unhandledPromptBehavior: dismiss and notify, webauthn:virtualAuthenticators: true}
Session ID: 0d1083501e9751600fb8fcec8116cd4a
*** Element info: {Using=xpath, value=//button[@id='bookButton']}
at sun.reflect.NativeConstructorAccessorImpl.newInstance0(Native Method)
at sun.reflect.NativeConstructorAccessorImpl.newInstance(NativeConstructorAccessorImpl.java:62)
at sun.reflect.DelegatingConstructorAccessorImpl.newInstance(DelegatingConstructorAccessorImpl.java:45)
at java.lang.reflect.Constructor.newInstance(Constructor.java:423)
at org.openqa.selenium.remote.http.W3CHttpResponseCodec.createException(W3CHttpResponseCodec.java:187)
at org.openqa.selenium.remote.http.W3CHttpResponseCodec.decode(W3CHttpResponseCodec.java:122)
at org.openqa.selenium.remote.http.W3CHttpResponseCodec.decode(W3CHttpResponseCodec.java:49)
at org.openqa.selenium.remote.HttpCommandExecutor.execute(HttpCommandExecutor.java:158)
at org.openqa.selenium.remote.service.DriverCommandExecutor.execute(DriverCommandExecutor.java:83)
at org.openqa.selenium.remote.RemoteWebDriver.execute(RemoteWebDriver.java:552)
at org.openqa.selenium.remote.RemoteWebDriver.findElement(RemoteWebDriver.java:323)
at org.openqa.selenium.remote.RemoteWebDriver.findElementByXPath(RemoteWebDriver.java:428)
at org.openqa.selenium.By$ByXPath.findElement(By.java:353)
at org.openqa.selenium.remote.RemoteWebDriver.findElement(RemoteWebDriver.java:315)
at org.openqa.selenium.support.pagefactory.DefaultElementLocator.findElement(DefaultElementLocator.java:69)
at org.openqa.selenium.support.pagefactory.internal.LocatingElementHandler.invoke(LocatingElementHandler.java:38)
at com.sun.proxy.$Proxy10.getWrappedElement(Unknown Source)
at org.openqa.selenium.remote.internal.WebElementToJsonConverter.apply(WebElementToJsonConverter.java:50)
at java.util.stream.ReferencePipeline$3$1.accept(ReferencePipeline.java:193)
at java.util.Spliterators$ArraySpliterator.forEachRemaining(Spliterators.java:948)
at java.util.stream.AbstractPipeline.copyInto(AbstractPipeline.java:482)
at java.util.stream.AbstractPipeline.wrapAndCopyInto(AbstractPipeline.java:472)
at java.util.stream.ReduceOps$ReduceOp.evaluateSequential(ReduceOps.java:708)
at java.util.stream.AbstractPipeline.evaluate(AbstractPipeline.java:234)
at java.util.stream.ReferencePipeline.collect(ReferencePipeline.java:499)
at org.openqa.selenium.remote.RemoteWebDriver.executeScript(RemoteWebDriver.java:484)
at tests.MainPageTests.flightPaymentTest(MainPageTests.java:444)
at sun.reflect.NativeMethodAccessorImpl.invoke0(Native Method)
at sun.reflect.NativeMethodAccessorImpl.invoke(NativeMethodAccessorImpl.java:62)
at sun.reflect.DelegatingMethodAccessorImpl.invoke(DelegatingMethodAccessorImpl.java:43)
at java.lang.reflect.Method.invoke(Method.java:498)
at org.testng.internal.MethodInvocationHelper.invokeMethod(MethodInvocationHelper.java:134)
at org.testng.internal.TestInvoker.invokeMethod(TestInvoker.java:597)
at org.testng.internal.TestInvoker.invokeTestMethod(TestInvoker.java:173)
at org.testng.internal.MethodRunner.runInSequence(MethodRunner.java:46)
at org.testng.internal.TestInvoker$MethodInvocationAgent.invoke(TestInvoker.java:816)
at org.testng.internal.TestInvoker.invokeTestMethods(TestInvoker.java:146)
at org.testng.internal.TestMethodWorker.invokeTestMethods(TestMethodWorker.java:146)
at org.testng.internal.TestMethodWorker.run(TestMethodWorker.java:128)
at java.util.ArrayList.forEach(ArrayList.java:1259)
at org.testng.TestRunner.privateRun(TestRunner.java:766)
at org.testng.TestRunner.run(TestRunner.java:587)
at org.testng.SuiteRunner.runTest(SuiteRunner.java:384)
at org.testng.SuiteRunner.runSequentially(SuiteRunner.java:378)
at org.testng.SuiteRunner.privateRun(SuiteRunner.java:337)
at org.testng.SuiteRunner.run(SuiteRunner.java:286)
at org.testng.SuiteRunnerWorker.runSuite(SuiteRunnerWorker.java:53)
at org.testng.SuiteRunnerWorker.run(SuiteRunnerWorker.java:96)
at org.testng.TestNG.runSuitesSequentially(TestNG.java:1187)
at org.testng.TestNG.runSuitesLocally(TestNG.java:1109)
at org.testng.TestNG.runSuites(TestNG.java:1039)
at org.testng.TestNG.run(TestNG.java:1007)
at org.apache.maven.surefire.testng.TestNGExecutor.run(TestNGExecutor.java:283)
at org.apache.maven.surefire.testng.TestNGXmlTestSuite.execute(TestNGXmlTestSuite.java:75)
at org.apache.maven.surefire.testng.TestNGProvider.invoke(TestNGProvider.java:120)
at org.apache.maven.surefire.booter.ForkedBooter.runSuitesInProcess(ForkedBooter.java:377)
at org.apache.maven.surefire.booter.ForkedBooter.execute(ForkedBooter.java:138)
at org.apache.maven.surefire.booter.ForkedBooter.run(ForkedBooter.java:465)
at org.apache.maven.surefire.booter.ForkedBooter.main(ForkedBooter.java:451)
]]>
            </full-stacktrace>
          </exception> <!-- org.openqa.selenium.NoSuchElementException -->
          <reporter-output>
          </reporter-output>
        </test-method> <!-- flightPaymentTest -->
        <test-method status="PASS" signature="tearDownMethod(org.testng.ITestResult)[pri:0, instance:tests.MainPageTests@2f0a87b3]" name="tearDownMethod" is-config="true" duration-ms="786" started-at="2020-08-05T19:28:35 PDT" finished-at="2020-08-05T19:28:36 PDT">
          <params>
            <param index="0">
              <value>
                <![CDATA[[TestResult name=flightPaymentTest status=FAILURE method=MainPageTests.flightPaymentTest()[pri:9, instance:tests.MainPageTests@2f0a87b3] output={null}]]]>
              </value>
            </param>
          </params>
          <reporter-output>
          </reporter-output>
        </test-method> <!-- tearDownMethod -->
      </class> <!-- tests.MainPageTests -->
    </test> <!-- Test -->
  </suite> <!-- Suite -->
</testng-results>
